<?xml version="1.0" encoding="UTF-8"?>
<!-- Generated by org.testng.reporters.JUnitXMLReporter -->
<testsuite ignored="0" hostname="PRATHAMESH" failures="0" tests="9" name="Default test" time="83.725" errors="0" timestamp="2025-05-09T22:45:45 IST">
  <testcase classname="FlipkartAutomation.Flipkart" name="openFlipkart" time="12.918"/>
  <testcase classname="FlipkartAutomation.Flipkart" name="checkIfLoggedIn" time="5.351">
    <skipped/>
  </testcase> <!-- checkIfLoggedIn -->
  <testcase classname="FlipkartAutomation.Flipkart" name="clickLoginButton" time="0.001">
    <skipped/>
  </testcase> <!-- clickLoginButton -->
  <testcase classname="FlipkartAutomation.Flipkart" name="mobileNumber" time="0.002">
    <skipped/>
  </testcase> <!-- mobileNumber -->
  <testcase classname="FlipkartAutomation.Flipkart" name="requestOTPbtn" time="0.003">
    <skipped/>
  </testcase> <!-- requestOTPbtn -->
  <testcase classname="FlipkartAutomation.Flipkart" name="waitForManualOTPAndClickVerify" time="0.0">
    <skipped/>
  </testcase> <!-- waitForManualOTPAndClickVerify -->
  <testcase classname="FlipkartAutomation.Flipkart" name="SearchProduct" time="15.471"/>
  <testcase classname="FlipkartAutomation.Flipkart" name="fetchProductDetails" time="6.592"/>
  <testcase classname="FlipkartAutomation.Flipkart" name="ClickProduct" time="0.418"/>
</testsuite> <!-- Default test -->
