<?xml version="1.0" encoding="UTF-8"?>
<!-- Generated by org.testng.reporters.JUnitXMLReporter -->
<testsuite ignored="0" hostname="PRATHAMESH" failures="0" tests="10" name="Default test" time="96.367" errors="0" timestamp="2025-05-10T23:39:40 IST">
  <testcase classname="FlipkartAutomation.Flipkart" name="openFlipkart" time="14.723"/>
  <testcase classname="FlipkartAutomation.Flipkart" name="checkIfLoggedIn" time="5.24">
    <skipped/>
  </testcase> <!-- checkIfLoggedIn -->
  <testcase classname="FlipkartAutomation.Flipkart" name="clickLoginButton" time="0.001">
    <skipped/>
  </testcase> <!-- clickLoginButton -->
  <testcase classname="FlipkartAutomation.Flipkart" name="mobileNumber" time="0.001">
    <skipped/>
  </testcase> <!-- mobileNumber -->
  <testcase classname="FlipkartAutomation.Flipkart" name="requestOTPbtn" time="0.001">
    <skipped/>
  </testcase> <!-- requestOTPbtn -->
  <testcase classname="FlipkartAutomation.Flipkart" name="waitForManualOTPAndClickVerify" time="0.0">
    <skipped/>
  </testcase> <!-- waitForManualOTPAndClickVerify -->
  <testcase classname="FlipkartAutomation.Flipkart" name="SearchProduct" time="15.443"/>
  <testcase classname="FlipkartAutomation.Flipkart" name="fetchProductDetails" time="11.158"/>
  <testcase classname="FlipkartAutomation.Flipkart" name="ClickProduct" time="3.483"/>
  <testcase classname="FlipkartAutomation.Flipkart" name="Cart" time="1.11"/>
</testsuite> <!-- Default test -->
